2021-08-19 00:39:29,819 - root - INFO - [query_page:170] self.today = 20210819
2021-08-19 00:39:29,819 - root - INFO - [query_page:171] today = 2021-08-19
2021-08-19 00:39:29,965 - root - INFO - [run:226] line_cnt:[86]
2021-08-19 00:39:33,085 - root - INFO - [run:226] line_cnt:[86]
2021-08-19 00:39:36,167 - root - INFO - [run:226] line_cnt:[86]
2021-08-19 00:39:36,969 - root - INFO - [date_change:380] date changed = [20210813]
2021-08-19 00:39:36,970 - root - INFO - [query_page:170] self.today = 20210813
2021-08-19 00:39:36,970 - root - INFO - [query_page:171] today = 2021-08-13
2021-08-19 00:39:39,235 - root - INFO - [run:226] line_cnt:[86]
2021-08-19 00:39:42,294 - root - INFO - [run:226] line_cnt:[86]
2021-08-19 00:39:45,360 - root - INFO - [run:226] line_cnt:[86]
2021-08-19 00:39:48,440 - root - INFO - [run:226] line_cnt:[86]
2021-08-19 00:39:51,505 - root - INFO - [run:226] line_cnt:[86]
2021-08-19 00:39:54,576 - root - INFO - [run:226] line_cnt:[86]
2021-08-19 00:39:57,650 - root - INFO - [run:226] line_cnt:[86]
2021-08-19 00:40:00,716 - root - INFO - [run:226] line_cnt:[86]
2021-08-19 00:40:03,785 - root - INFO - [run:226] line_cnt:[86]
2021-08-19 00:40:06,853 - root - INFO - [run:226] line_cnt:[86]
2021-08-19 00:40:09,926 - root - INFO - [run:226] line_cnt:[86]
2021-08-19 00:40:12,986 - root - INFO - [run:226] line_cnt:[86]
2021-08-19 00:40:16,057 - root - INFO - [run:226] line_cnt:[86]
2021-08-19 00:40:16,084 - root - INFO - [date_change:380] date changed = [20210813]
2021-08-19 00:40:16,085 - root - INFO - [query_page:170] self.today = 20210813
2021-08-19 00:40:16,086 - root - INFO - [query_page:171] today = 2021-08-13
2021-08-19 00:49:01,430 - root - INFO - [query_page:171] self.today = 20210819
2021-08-19 00:49:01,431 - root - INFO - [query_page:172] today = 2021-08-19
2021-08-19 00:49:01,572 - root - INFO - [run:226] line_cnt:[86]
2021-08-19 00:49:04,709 - root - INFO - [run:226] line_cnt:[86]
2021-08-19 00:49:07,082 - root - INFO - [date_change:381] date changed = [20210813]
2021-08-19 00:49:07,083 - root - INFO - [query_page:171] self.today = 20210813
2021-08-19 00:49:07,083 - root - INFO - [query_page:172] today = 2021-08-13
2021-08-19 00:49:07,782 - root - INFO - [run:226] line_cnt:[86]
2021-08-19 00:49:10,859 - root - INFO - [run:226] line_cnt:[86]
2021-08-19 00:49:12,092 - root - INFO - [date_change:381] date changed = [20210813]
2021-08-19 00:49:12,093 - root - INFO - [query_page:171] self.today = 20210813
2021-08-19 00:49:12,093 - root - INFO - [query_page:172] today = 2021-08-13
2021-08-19 00:50:27,726 - root - INFO - [query_page:171] self.today = 20210819
2021-08-19 00:50:27,727 - root - INFO - [query_page:172] today = 2021-08-19
2021-08-19 00:50:27,842 - root - INFO - [run:226] line_cnt:[86]
2021-08-19 00:55:38,382 - root - INFO - [query_page:171] self.today = 20210819
2021-08-19 00:55:38,383 - root - INFO - [query_page:172] today = 2021-08-19
2021-08-19 00:55:38,392 - root - INFO - [run:226] line_cnt:[86]
2021-08-19 00:57:12,381 - root - INFO - [query_page:171] self.today = 20210819
2021-08-19 00:57:12,381 - root - INFO - [query_page:172] today = 2021-08-19
2021-08-19 00:57:12,390 - root - INFO - [run:226] line_cnt:[86]
2021-08-19 01:05:31,910 - root - INFO - [query_page:171] self.today = 20210819
2021-08-19 01:05:31,911 - root - INFO - [query_page:172] today = 2021-08-19
2021-08-19 01:05:31,936 - root - INFO - [run:226] line_cnt:[86]
2021-08-19 01:06:36,509 - root - INFO - [query_page:172] self.today = 20210819
2021-08-19 01:06:36,509 - root - INFO - [query_page:173] today = 2021-08-19
2021-08-19 01:06:36,520 - root - INFO - [run:226] line_cnt:[86]
2021-08-19 01:08:02,654 - root - INFO - [query_page:172] self.today = 20210819
2021-08-19 01:08:02,654 - root - INFO - [query_page:173] today = 2021-08-19
2021-08-19 01:08:02,664 - root - INFO - [run:226] line_cnt:[86]
2021-08-19 01:11:36,153 - root - INFO - [query_page:172] self.today = 20210819
2021-08-19 01:11:36,153 - root - INFO - [query_page:173] today = 2021-08-19
2021-08-19 01:11:36,299 - root - INFO - [run:226] line_cnt:[86]
2021-08-19 01:11:39,397 - root - INFO - [run:226] line_cnt:[86]
2021-08-19 01:11:40,739 - root - INFO - [date_change:382] date changed = [20210813]
2021-08-19 01:11:40,741 - root - INFO - [query_page:172] self.today = 20210813
2021-08-19 01:11:40,741 - root - INFO - [query_page:173] today = 2021-08-13
2021-08-19 01:11:42,476 - root - INFO - [run:226] line_cnt:[86]
2021-08-19 01:11:45,556 - root - INFO - [run:226] line_cnt:[86]
2021-08-19 01:11:46,286 - root - INFO - [date_change:382] date changed = [20210813]
2021-08-19 01:11:46,288 - root - INFO - [query_page:172] self.today = 20210813
2021-08-19 01:11:46,288 - root - INFO - [query_page:173] today = 2021-08-13
2021-08-19 01:11:46,427 - root - INFO - [query_page:172] self.today = 20210813
2021-08-19 01:11:46,427 - root - INFO - [query_page:173] today = 2021-08-13
2021-08-19 01:11:47,136 - root - INFO - [query_page:172] self.today = 20210813
2021-08-19 01:11:47,136 - root - INFO - [query_page:173] today = 2021-08-13
2021-08-19 01:11:47,596 - root - INFO - [query_page:172] self.today = 20210813
2021-08-19 01:11:47,596 - root - INFO - [query_page:173] today = 2021-08-13
2021-08-19 01:11:48,416 - root - INFO - [query_page:172] self.today = 20210813
2021-08-19 01:11:48,416 - root - INFO - [query_page:173] today = 2021-08-13
2021-08-19 01:11:48,648 - root - INFO - [run:226] line_cnt:[86]
2021-08-19 01:11:50,183 - root - INFO - [query_page:172] self.today = 20210813
2021-08-19 01:11:50,183 - root - INFO - [query_page:173] today = 2021-08-13
2021-08-19 01:11:50,423 - root - INFO - [query_page:172] self.today = 20210813
2021-08-19 01:11:50,424 - root - INFO - [query_page:173] today = 2021-08-13
2021-08-19 01:11:50,669 - root - INFO - [query_page:172] self.today = 20210813
2021-08-19 01:11:50,670 - root - INFO - [query_page:173] today = 2021-08-13
2021-08-19 01:11:50,935 - root - INFO - [query_page:172] self.today = 20210813
2021-08-19 01:11:50,935 - root - INFO - [query_page:173] today = 2021-08-13
2021-08-19 01:11:51,723 - root - INFO - [run:226] line_cnt:[86]
2021-08-19 01:11:54,797 - root - INFO - [run:226] line_cnt:[86]
2021-08-19 01:20:14,536 - root - INFO - [query_page:173] self.today = 20210819
2021-08-19 01:20:14,536 - root - INFO - [query_page:174] today = 2021-08-19
2021-08-19 02:17:26,001 - root - INFO - [query_page:173] self.today = 20210819
2021-08-19 02:17:26,001 - root - INFO - [query_page:174] today = 2021-08-19
2021-08-19 02:18:02,716 - root - INFO - [query_page:173] self.today = 20210819
2021-08-19 02:18:02,717 - root - INFO - [query_page:174] today = 2021-08-19
2021-08-19 02:18:02,861 - root - INFO - [run:226] line_cnt:[86]
2021-08-19 02:18:05,945 - root - INFO - [run:226] line_cnt:[86]
2021-08-19 02:18:07,238 - root - INFO - [date_change:383] date changed = [20210813]
2021-08-19 02:18:07,239 - root - INFO - [query_page:173] self.today = 20210813
2021-08-19 02:18:07,239 - root - INFO - [query_page:174] today = 2021-08-13
2021-08-19 02:18:09,029 - root - INFO - [run:226] line_cnt:[86]
2021-08-19 02:18:10,810 - root - INFO - [date_change:383] date changed = [20210813]
2021-08-19 02:18:10,811 - root - INFO - [query_page:173] self.today = 20210813
2021-08-19 02:18:10,811 - root - INFO - [query_page:174] today = 2021-08-13
2021-08-19 02:18:10,934 - root - INFO - [query_page:173] self.today = 20210813
2021-08-19 02:18:10,934 - root - INFO - [query_page:174] today = 2021-08-13
2021-08-19 02:18:11,490 - root - INFO - [query_page:173] self.today = 20210813
2021-08-19 02:18:11,490 - root - INFO - [query_page:174] today = 2021-08-13
2021-08-19 02:18:11,845 - root - INFO - [query_page:173] self.today = 20210813
2021-08-19 02:18:11,845 - root - INFO - [query_page:174] today = 2021-08-13
2021-08-19 02:18:12,101 - root - INFO - [run:226] line_cnt:[86]
2021-08-19 02:18:12,323 - root - INFO - [query_page:173] self.today = 20210813
2021-08-19 02:18:12,323 - root - INFO - [query_page:174] today = 2021-08-13
2021-08-19 02:18:13,034 - root - INFO - [query_page:173] self.today = 20210813
2021-08-19 02:18:13,034 - root - INFO - [query_page:174] today = 2021-08-13
2021-08-19 02:18:13,403 - root - INFO - [query_page:173] self.today = 20210813
2021-08-19 02:18:13,404 - root - INFO - [query_page:174] today = 2021-08-13
2021-08-19 02:18:14,941 - root - INFO - [query_page:173] self.today = 20210813
2021-08-19 02:18:14,941 - root - INFO - [query_page:174] today = 2021-08-13
2021-08-19 02:18:15,149 - root - INFO - [query_page:173] self.today = 20210813
2021-08-19 02:18:15,150 - root - INFO - [query_page:174] today = 2021-08-13
2021-08-19 02:18:15,175 - root - INFO - [run:226] line_cnt:[86]
2021-08-19 02:18:15,328 - root - INFO - [query_page:173] self.today = 20210813
2021-08-19 02:18:15,329 - root - INFO - [query_page:174] today = 2021-08-13
2021-08-19 02:18:15,490 - root - INFO - [query_page:173] self.today = 20210813
2021-08-19 02:18:15,491 - root - INFO - [query_page:174] today = 2021-08-13
2021-08-19 02:18:15,673 - root - INFO - [query_page:173] self.today = 20210813
2021-08-19 02:18:15,674 - root - INFO - [query_page:174] today = 2021-08-13
2021-08-19 02:18:18,240 - root - INFO - [run:226] line_cnt:[86]
2021-08-19 02:18:21,309 - root - INFO - [run:226] line_cnt:[86]
2021-08-19 02:18:24,377 - root - INFO - [run:226] line_cnt:[86]
2021-08-19 02:18:27,449 - root - INFO - [run:226] line_cnt:[86]
2021-08-19 02:18:30,519 - root - INFO - [run:226] line_cnt:[86]
2021-08-19 02:18:33,584 - root - INFO - [run:226] line_cnt:[86]
2021-08-19 02:18:36,651 - root - INFO - [run:226] line_cnt:[86]
2021-08-19 02:18:39,718 - root - INFO - [run:226] line_cnt:[86]
2021-08-19 02:18:42,785 - root - INFO - [run:226] line_cnt:[86]
2021-08-19 02:18:45,848 - root - INFO - [run:226] line_cnt:[86]
2021-08-19 02:18:48,915 - root - INFO - [run:226] line_cnt:[86]
2021-08-19 02:18:51,976 - root - INFO - [run:226] line_cnt:[86]
2021-08-19 02:18:55,042 - root - INFO - [run:226] line_cnt:[86]
2021-08-19 02:18:58,121 - root - INFO - [run:226] line_cnt:[86]
2021-08-19 02:19:01,189 - root - INFO - [run:226] line_cnt:[86]
2021-08-19 02:19:04,250 - root - INFO - [run:226] line_cnt:[86]
2021-08-19 02:19:07,310 - root - INFO - [run:226] line_cnt:[86]
2021-08-19 02:19:10,375 - root - INFO - [run:226] line_cnt:[86]
2021-08-19 02:19:13,448 - root - INFO - [run:226] line_cnt:[86]
2021-08-19 02:19:16,507 - root - INFO - [run:226] line_cnt:[86]
2021-08-19 02:19:19,579 - root - INFO - [run:226] line_cnt:[86]
2021-08-19 02:19:22,650 - root - INFO - [run:226] line_cnt:[86]
2021-08-19 02:19:25,722 - root - INFO - [run:226] line_cnt:[86]
2021-08-19 02:19:28,784 - root - INFO - [run:226] line_cnt:[86]
2021-08-19 02:19:31,872 - root - INFO - [run:226] line_cnt:[86]
2021-08-19 02:19:34,937 - root - INFO - [run:226] line_cnt:[86]
2021-08-19 02:19:37,998 - root - INFO - [run:226] line_cnt:[86]
2021-08-19 02:19:41,062 - root - INFO - [run:226] line_cnt:[86]
2021-08-19 02:19:44,129 - root - INFO - [run:226] line_cnt:[86]
2021-08-19 02:19:47,190 - root - INFO - [run:226] line_cnt:[86]
2021-08-19 02:19:50,251 - root - INFO - [run:226] line_cnt:[86]
2021-08-19 02:19:53,317 - root - INFO - [run:226] line_cnt:[86]
2021-08-19 02:19:56,388 - root - INFO - [run:226] line_cnt:[86]
2021-08-19 05:12:11,668 - root - INFO - [query_page:181] self.today = 20210819
2021-08-19 05:12:11,668 - root - INFO - [query_page:182] today = 2021-08-19
2021-08-19 05:12:11,700 - root - INFO - [run:226] line_cnt:[86]
2021-08-19 05:13:50,839 - root - ERROR - [<module>:298] error message
2021-08-19 05:13:50,846 - root - INFO - [run:226] line_cnt:[86]
2021-08-19 05:13:51,232 - root - INFO - [<module>:296] continue
2021-08-19 05:13:51,237 - root - INFO - [run:226] line_cnt:[86]
2021-08-19 05:13:53,963 - root - INFO - [run:226] line_cnt:[86]
2021-08-19 05:13:54,317 - root - INFO - [run:226] line_cnt:[86]
2021-08-19 05:13:57,037 - root - INFO - [run:226] line_cnt:[86]
2021-08-19 05:13:57,394 - root - INFO - [run:226] line_cnt:[86]
2021-08-19 05:14:00,125 - root - INFO - [run:226] line_cnt:[86]
2021-08-19 05:14:00,491 - root - INFO - [run:226] line_cnt:[86]
2021-08-19 05:14:03,205 - root - INFO - [run:226] line_cnt:[86]
2021-08-19 05:14:03,572 - root - INFO - [run:226] line_cnt:[86]
2021-08-19 05:14:06,282 - root - INFO - [run:226] line_cnt:[86]
2021-08-19 05:14:06,657 - root - INFO - [run:226] line_cnt:[86]
2021-08-19 05:14:09,355 - root - INFO - [run:226] line_cnt:[86]
2021-08-19 05:14:09,770 - root - INFO - [run:226] line_cnt:[86]
2021-08-19 05:14:12,842 - root - INFO - [run:226] line_cnt:[86]
2021-08-19 05:14:15,909 - root - INFO - [run:226] line_cnt:[86]
2021-08-19 05:14:18,987 - root - INFO - [run:226] line_cnt:[86]
2021-08-19 05:14:22,070 - root - INFO - [run:226] line_cnt:[86]
2021-08-19 05:14:25,149 - root - INFO - [run:226] line_cnt:[86]
2021-08-19 05:14:28,213 - root - INFO - [run:226] line_cnt:[86]
2021-08-19 05:14:38,251 - root - ERROR - [<module>:298] error message
2021-08-19 05:14:38,255 - root - INFO - [run:226] line_cnt:[86]
2021-08-19 05:14:38,591 - root - INFO - [<module>:296] continue
2021-08-19 05:14:38,594 - root - INFO - [run:226] line_cnt:[86]
2021-08-19 05:14:41,336 - root - INFO - [run:226] line_cnt:[86]
2021-08-19 05:14:41,680 - root - INFO - [run:226] line_cnt:[86]
2021-08-19 05:14:44,414 - root - INFO - [run:226] line_cnt:[86]
2021-08-19 05:14:44,759 - root - INFO - [run:226] line_cnt:[86]
2021-08-19 05:14:47,551 - root - INFO - [run:226] line_cnt:[86]
2021-08-19 05:14:47,940 - root - INFO - [run:226] line_cnt:[86]
2021-08-19 05:14:51,016 - root - INFO - [run:226] line_cnt:[86]
2021-08-19 05:14:54,093 - root - INFO - [run:226] line_cnt:[86]
2021-08-19 05:14:55,860 - root - INFO - [query_page:181] self.today = 20210819
2021-08-19 05:14:55,860 - root - INFO - [query_page:182] today = 2021-08-19
2021-08-19 05:14:55,870 - root - INFO - [run:226] line_cnt:[86]
2021-08-19 05:14:57,168 - root - INFO - [run:226] line_cnt:[86]
2021-08-19 05:14:58,944 - root - INFO - [run:226] line_cnt:[86]
2021-08-19 05:15:00,366 - root - INFO - [run:226] line_cnt:[86]
2021-08-19 05:15:02,029 - root - INFO - [run:226] line_cnt:[86]
2021-08-19 05:15:03,535 - root - INFO - [run:226] line_cnt:[86]
2021-08-19 05:15:04,556 - root - INFO - [date_change:392] date changed = [20210813]
2021-08-19 05:15:04,558 - root - INFO - [query_page:181] self.today = 20210813
2021-08-19 05:15:04,558 - root - INFO - [query_page:182] today = 2021-08-13
2021-08-19 05:15:05,113 - root - INFO - [run:226] line_cnt:[86]
2021-08-19 05:15:06,611 - root - INFO - [run:226] line_cnt:[86]
2021-08-19 05:15:08,196 - root - INFO - [run:226] line_cnt:[86]
2021-08-19 05:15:08,262 - root - INFO - [date_change:392] date changed = [20210813]
2021-08-19 05:15:08,265 - root - INFO - [query_page:181] self.today = 20210813
2021-08-19 05:15:08,266 - root - INFO - [query_page:182] today = 2021-08-13
2021-08-19 05:15:09,695 - root - INFO - [run:226] line_cnt:[86]
2021-08-19 05:15:11,334 - root - INFO - [run:226] line_cnt:[86]
2021-08-19 05:15:12,881 - root - INFO - [run:226] line_cnt:[86]
2021-08-19 05:15:14,465 - root - INFO - [run:226] line_cnt:[86]
2021-08-19 05:15:15,959 - root - INFO - [run:226] line_cnt:[86]
2021-08-19 05:15:17,540 - root - INFO - [run:226] line_cnt:[86]
2021-08-19 05:15:19,139 - root - INFO - [run:226] line_cnt:[86]
2021-08-19 05:15:20,621 - root - INFO - [run:226] line_cnt:[86]
2021-08-19 05:15:22,219 - root - INFO - [run:226] line_cnt:[86]
2021-08-19 05:15:23,705 - root - INFO - [run:226] line_cnt:[86]
2021-08-19 05:15:24,485 - root - INFO - [add_msg:85] rank = 4 = 하원
2021-08-19 05:15:24,486 - root - INFO - [add_msg:100] msg = [{'user': '이수미', 'message': '[2021-08-13 20:08:33] 이수미학생 수업이 끝났습니다.(출발)\n-READ101-', 'dtm': '2021-08-13 20:08:33'}]
2021-08-19 05:15:25,286 - root - INFO - [run:226] line_cnt:[86]
2021-08-19 05:15:26,782 - root - INFO - [run:226] line_cnt:[86]
2021-08-19 05:15:28,364 - root - INFO - [run:226] line_cnt:[86]
2021-08-19 05:15:29,855 - root - INFO - [run:226] line_cnt:[86]
2021-08-19 05:15:31,009 - root - INFO - [log_sending:381] {'user': '이수미', 'message': '[2021-08-13 20:08:33] 이수미학생 수업이 끝났습니다.(출발)\n-READ101-', 'dtm': '2021-08-13 20:08:33'}
2021-08-19 05:15:31,461 - root - INFO - [run:226] line_cnt:[86]
2021-08-19 05:15:32,933 - root - INFO - [run:226] line_cnt:[86]
2021-08-19 05:18:34,722 - root - INFO - [query_page:182] self.today = 20210819
2021-08-19 05:18:34,723 - root - INFO - [query_page:183] today = 2021-08-19
2021-08-19 05:18:34,733 - root - INFO - [run:226] line_cnt:[86]
2021-08-19 05:18:37,844 - root - INFO - [run:226] line_cnt:[86]
2021-08-19 05:18:40,946 - root - INFO - [run:226] line_cnt:[86]
2021-08-19 05:18:43,266 - root - INFO - [date_change:393] date changed = [20210813]
2021-08-19 05:18:43,267 - root - INFO - [query_page:182] self.today = 20210813
2021-08-19 05:18:43,268 - root - INFO - [query_page:183] today = 2021-08-13
2021-08-19 05:18:44,033 - root - INFO - [run:226] line_cnt:[86]
2021-08-19 05:18:47,147 - root - INFO - [run:226] line_cnt:[86]
2021-08-19 05:18:50,239 - root - INFO - [run:226] line_cnt:[86]
2021-08-19 05:18:53,337 - root - INFO - [run:226] line_cnt:[86]
2021-08-19 05:18:55,180 - root - INFO - [date_change:393] date changed = [20210813]
2021-08-19 05:18:55,183 - root - INFO - [query_page:182] self.today = 20210813
2021-08-19 05:18:55,183 - root - INFO - [query_page:183] today = 2021-08-13
2021-08-19 05:18:55,351 - root - INFO - [add_msg:86] rank = 4 = 하원
2021-08-19 05:18:55,351 - root - INFO - [add_msg:101] msg = [{'user': '이수미', 'message': '[2021-08-13 20:08:33] 이수미학생 수업이 끝났습니다.(출발)\n-READ101-', 'dtm': '2021-08-13 20:08:33'}]
2021-08-19 05:18:56,428 - root - INFO - [run:226] line_cnt:[86]
2021-08-19 05:18:59,516 - root - INFO - [run:226] line_cnt:[86]
2021-08-19 05:19:01,730 - root - INFO - [log_sending:382] {'user': '이수미', 'message': '[2021-08-13 20:08:33] 이수미학생 수업이 끝났습니다.(출발)\n-READ101-', 'dtm': '2021-08-13 20:08:33'}
2021-08-19 05:19:02,602 - root - INFO - [run:226] line_cnt:[86]
2021-08-19 05:19:05,685 - root - INFO - [run:226] line_cnt:[86]
2021-08-19 05:19:06,639 - root - INFO - [query_page:182] self.today = 20210813
2021-08-19 05:19:06,639 - root - INFO - [query_page:183] today = 2021-08-13
2021-08-19 05:19:07,730 - root - INFO - [query_page:182] self.today = 20210813
2021-08-19 05:19:07,731 - root - INFO - [query_page:183] today = 2021-08-13
2021-08-19 05:19:08,764 - root - INFO - [run:226] line_cnt:[86]
2021-08-19 05:19:11,837 - root - INFO - [run:226] line_cnt:[86]
2021-08-19 05:19:14,928 - root - INFO - [run:226] line_cnt:[86]
2021-08-19 05:19:17,996 - root - INFO - [run:226] line_cnt:[86]
2021-08-19 05:19:21,066 - root - INFO - [run:226] line_cnt:[86]
2021-08-19 05:19:24,141 - root - INFO - [run:226] line_cnt:[86]
2021-08-19 05:19:27,214 - root - INFO - [run:226] line_cnt:[86]
2021-08-19 05:19:30,284 - root - INFO - [run:226] line_cnt:[86]
2021-08-19 05:19:33,357 - root - INFO - [run:226] line_cnt:[86]
2021-08-19 05:19:36,429 - root - INFO - [run:226] line_cnt:[86]
2021-08-19 05:19:39,513 - root - INFO - [run:226] line_cnt:[86]
2021-08-19 05:19:42,588 - root - INFO - [run:226] line_cnt:[86]
2021-08-19 05:19:45,660 - root - INFO - [run:226] line_cnt:[86]
2021-08-19 05:19:48,732 - root - INFO - [run:226] line_cnt:[86]
2021-08-19 05:19:51,812 - root - INFO - [run:226] line_cnt:[86]
2021-08-19 05:19:54,889 - root - INFO - [run:226] line_cnt:[86]
2021-08-19 05:19:57,964 - root - INFO - [run:226] line_cnt:[86]
2021-08-19 05:20:01,033 - root - INFO - [run:226] line_cnt:[86]
2021-08-19 05:20:04,107 - root - INFO - [run:226] line_cnt:[86]
2021-08-19 05:20:07,176 - root - INFO - [run:226] line_cnt:[86]
2021-08-19 05:20:10,254 - root - INFO - [run:226] line_cnt:[86]
2021-08-19 05:20:13,332 - root - INFO - [run:226] line_cnt:[86]
2021-08-19 05:20:16,402 - root - INFO - [run:226] line_cnt:[86]
2021-08-19 05:20:19,476 - root - INFO - [run:226] line_cnt:[86]
2021-08-19 05:20:22,558 - root - INFO - [run:226] line_cnt:[86]
2021-08-19 05:20:25,640 - root - INFO - [run:226] line_cnt:[86]
2021-08-19 05:20:28,709 - root - INFO - [run:226] line_cnt:[86]
2021-08-19 05:20:31,792 - root - INFO - [run:226] line_cnt:[86]
2021-08-19 05:20:34,885 - root - INFO - [run:226] line_cnt:[86]
2021-08-19 05:20:37,967 - root - INFO - [run:226] line_cnt:[86]
2021-08-19 05:20:41,040 - root - INFO - [run:226] line_cnt:[86]
2021-08-19 05:20:44,120 - root - INFO - [run:226] line_cnt:[86]
2021-08-19 05:20:47,189 - root - INFO - [run:226] line_cnt:[86]
2021-08-19 05:20:50,264 - root - INFO - [run:226] line_cnt:[86]
2021-08-19 05:20:53,338 - root - INFO - [run:226] line_cnt:[86]
2021-08-19 05:20:56,416 - root - INFO - [run:226] line_cnt:[86]
2021-08-19 05:20:59,507 - root - INFO - [run:226] line_cnt:[86]
2021-08-19 05:21:02,580 - root - INFO - [run:226] line_cnt:[86]
2021-08-19 05:21:05,661 - root - INFO - [run:226] line_cnt:[86]
2021-08-19 05:21:08,730 - root - INFO - [run:226] line_cnt:[86]
2021-08-19 05:21:11,818 - root - INFO - [run:226] line_cnt:[86]
2021-08-19 05:21:14,887 - root - INFO - [run:226] line_cnt:[86]
2021-08-19 05:21:17,970 - root - INFO - [run:226] line_cnt:[86]
2021-08-19 05:21:21,041 - root - INFO - [run:226] line_cnt:[86]
2021-08-19 05:21:24,118 - root - INFO - [run:226] line_cnt:[86]
2021-08-19 05:21:27,200 - root - INFO - [run:226] line_cnt:[86]
2021-08-19 05:21:30,300 - root - INFO - [run:226] line_cnt:[86]
2021-08-19 05:21:33,371 - root - INFO - [run:226] line_cnt:[86]
2021-08-19 05:21:36,451 - root - INFO - [run:226] line_cnt:[86]
2021-08-19 05:21:39,527 - root - INFO - [run:226] line_cnt:[86]
2021-08-19 05:21:42,622 - root - INFO - [run:226] line_cnt:[86]
2021-08-19 05:21:45,706 - root - INFO - [run:226] line_cnt:[86]
2021-08-19 05:21:48,782 - root - INFO - [run:226] line_cnt:[86]
2021-08-19 05:21:51,856 - root - INFO - [run:226] line_cnt:[86]
2021-08-19 05:21:54,929 - root - INFO - [run:226] line_cnt:[86]
2021-08-19 05:21:57,993 - root - INFO - [run:226] line_cnt:[86]
2021-08-19 05:22:01,060 - root - INFO - [run:226] line_cnt:[86]
2021-08-19 05:22:04,133 - root - INFO - [run:226] line_cnt:[86]
2021-08-19 05:22:07,210 - root - INFO - [run:226] line_cnt:[86]
2021-08-19 05:22:10,308 - root - INFO - [run:226] line_cnt:[86]
2021-08-19 05:22:13,380 - root - INFO - [run:226] line_cnt:[86]
2021-08-19 05:22:16,460 - root - INFO - [run:226] line_cnt:[86]
2021-08-19 05:22:19,533 - root - INFO - [run:226] line_cnt:[86]
2021-08-19 05:22:22,609 - root - INFO - [run:226] line_cnt:[86]
2021-08-19 05:22:25,706 - root - INFO - [run:226] line_cnt:[86]
2021-08-19 05:22:28,779 - root - INFO - [run:226] line_cnt:[86]
2021-08-19 05:22:31,845 - root - INFO - [run:226] line_cnt:[86]
2021-08-19 05:22:34,909 - root - INFO - [run:226] line_cnt:[86]
2021-08-19 05:22:37,995 - root - INFO - [run:226] line_cnt:[86]
2021-08-19 05:22:41,062 - root - INFO - [run:226] line_cnt:[86]
2021-08-19 05:22:44,147 - root - INFO - [run:226] line_cnt:[86]
2021-08-19 05:22:47,222 - root - INFO - [run:226] line_cnt:[86]
2021-08-19 05:22:50,304 - root - INFO - [run:226] line_cnt:[86]
2021-08-19 05:22:53,392 - root - INFO - [run:226] line_cnt:[86]
2021-08-19 05:22:56,461 - root - INFO - [run:226] line_cnt:[86]
2021-08-19 05:22:59,536 - root - INFO - [run:226] line_cnt:[86]
2021-08-19 05:23:02,608 - root - INFO - [run:226] line_cnt:[86]
2021-08-19 05:23:05,683 - root - INFO - [run:226] line_cnt:[86]
2021-08-19 05:23:08,749 - root - INFO - [run:226] line_cnt:[86]
2021-08-19 05:23:11,820 - root - INFO - [run:226] line_cnt:[86]
2021-08-19 05:23:14,895 - root - INFO - [run:226] line_cnt:[86]
2021-08-19 05:23:17,965 - root - INFO - [run:226] line_cnt:[86]
2021-08-19 05:23:21,050 - root - INFO - [run:226] line_cnt:[86]
2021-08-19 05:23:24,124 - root - INFO - [run:226] line_cnt:[86]
2021-08-19 05:23:27,209 - root - INFO - [run:226] line_cnt:[86]
2021-08-19 05:23:30,288 - root - INFO - [run:226] line_cnt:[86]
2021-08-19 05:23:33,374 - root - INFO - [run:226] line_cnt:[86]
2021-08-19 05:23:36,441 - root - INFO - [run:226] line_cnt:[86]
2021-08-19 05:23:39,519 - root - INFO - [run:226] line_cnt:[86]
2021-08-19 05:23:42,593 - root - INFO - [run:226] line_cnt:[86]
2021-08-19 05:23:45,669 - root - INFO - [run:226] line_cnt:[86]
2021-08-19 05:23:48,747 - root - INFO - [run:226] line_cnt:[86]
2021-08-19 05:23:51,817 - root - INFO - [run:226] line_cnt:[86]
2021-08-19 05:23:54,891 - root - INFO - [run:226] line_cnt:[86]
2021-08-19 05:23:57,968 - root - INFO - [run:226] line_cnt:[86]
2021-08-19 05:24:01,061 - root - INFO - [run:226] line_cnt:[86]
2021-08-19 05:24:04,147 - root - INFO - [run:226] line_cnt:[86]
2021-08-19 05:24:07,225 - root - INFO - [run:226] line_cnt:[86]
2021-08-19 05:24:10,303 - root - INFO - [run:226] line_cnt:[86]
2021-08-19 05:24:13,370 - root - INFO - [run:226] line_cnt:[86]
2021-08-19 05:24:16,475 - root - INFO - [run:226] line_cnt:[86]
2021-08-19 05:24:19,544 - root - INFO - [run:226] line_cnt:[86]
2021-08-19 05:24:22,617 - root - INFO - [run:226] line_cnt:[86]
2021-08-19 05:24:25,694 - root - INFO - [run:226] line_cnt:[86]
2021-08-19 05:24:28,773 - root - INFO - [run:226] line_cnt:[86]
2021-08-19 05:24:31,841 - root - INFO - [run:226] line_cnt:[86]
2021-08-19 05:24:34,914 - root - INFO - [run:226] line_cnt:[86]
2021-08-19 05:24:37,993 - root - INFO - [run:226] line_cnt:[86]
2021-08-19 05:24:41,058 - root - INFO - [run:226] line_cnt:[86]
2021-08-19 05:24:44,137 - root - INFO - [run:226] line_cnt:[86]
2021-08-19 05:24:47,220 - root - INFO - [run:226] line_cnt:[86]
2021-08-19 05:24:50,300 - root - INFO - [run:226] line_cnt:[86]
2021-08-19 05:24:53,373 - root - INFO - [run:226] line_cnt:[86]
2021-08-19 05:24:56,458 - root - INFO - [run:226] line_cnt:[86]
2021-08-19 05:24:59,546 - root - INFO - [run:226] line_cnt:[86]
2021-08-19 05:25:02,624 - root - INFO - [run:226] line_cnt:[86]
2021-08-19 05:25:05,692 - root - INFO - [run:226] line_cnt:[86]
2021-08-19 05:25:08,761 - root - INFO - [run:226] line_cnt:[86]
2021-08-19 05:25:11,842 - root - INFO - [run:226] line_cnt:[86]
2021-08-19 05:25:14,915 - root - INFO - [run:226] line_cnt:[86]
2021-08-19 05:25:17,989 - root - INFO - [run:226] line_cnt:[86]
2021-08-19 05:25:21,056 - root - INFO - [run:226] line_cnt:[86]
2021-08-19 05:25:24,119 - root - INFO - [run:226] line_cnt:[86]
2021-08-19 05:25:27,237 - root - INFO - [run:226] line_cnt:[86]
2021-08-19 05:25:30,319 - root - INFO - [run:226] line_cnt:[86]
2021-08-19 05:25:33,401 - root - INFO - [run:226] line_cnt:[86]
2021-08-19 05:25:36,470 - root - INFO - [run:226] line_cnt:[86]
2021-08-19 05:25:39,542 - root - INFO - [run:226] line_cnt:[86]
2021-08-19 05:25:42,630 - root - INFO - [run:226] line_cnt:[86]
2021-08-19 05:25:45,704 - root - INFO - [run:226] line_cnt:[86]
2021-08-19 05:25:48,770 - root - INFO - [run:226] line_cnt:[86]
2021-08-19 05:25:51,835 - root - INFO - [run:226] line_cnt:[86]
2021-08-19 05:25:54,905 - root - INFO - [run:226] line_cnt:[86]
2021-08-19 05:25:57,981 - root - INFO - [run:226] line_cnt:[86]
2021-08-19 05:26:01,051 - root - INFO - [run:226] line_cnt:[86]
2021-08-19 05:26:04,122 - root - INFO - [run:226] line_cnt:[86]
2021-08-19 05:26:07,204 - root - INFO - [run:226] line_cnt:[86]
2021-08-19 05:26:10,298 - root - INFO - [run:226] line_cnt:[86]
2021-08-19 05:26:13,374 - root - INFO - [run:226] line_cnt:[86]
2021-08-19 05:26:16,449 - root - INFO - [run:226] line_cnt:[86]
2021-08-19 05:26:19,522 - root - INFO - [run:226] line_cnt:[86]
2021-08-19 05:26:22,594 - root - INFO - [run:226] line_cnt:[86]
2021-08-19 05:26:25,688 - root - INFO - [run:226] line_cnt:[86]
2021-08-19 05:26:28,767 - root - INFO - [run:226] line_cnt:[86]
2021-08-19 05:26:31,842 - root - INFO - [run:226] line_cnt:[86]
2021-08-19 05:26:34,920 - root - INFO - [run:226] line_cnt:[86]
2021-08-19 05:26:38,010 - root - INFO - [run:226] line_cnt:[86]
2021-08-19 05:26:41,097 - root - INFO - [run:226] line_cnt:[86]
2021-08-19 05:26:44,186 - root - INFO - [run:226] line_cnt:[86]
2021-08-19 05:26:47,258 - root - INFO - [run:226] line_cnt:[86]
2021-08-19 05:26:50,323 - root - INFO - [run:226] line_cnt:[86]
2021-08-19 05:26:53,420 - root - INFO - [run:226] line_cnt:[86]
2021-08-19 05:26:56,499 - root - INFO - [run:226] line_cnt:[86]
2021-08-19 05:26:59,578 - root - INFO - [run:226] line_cnt:[86]
2021-08-19 05:27:02,656 - root - INFO - [run:226] line_cnt:[86]
2021-08-19 05:27:05,746 - root - INFO - [run:226] line_cnt:[86]
2021-08-19 05:27:08,821 - root - INFO - [run:226] line_cnt:[86]
2021-08-19 05:27:11,892 - root - INFO - [run:226] line_cnt:[86]
2021-08-19 05:27:14,968 - root - INFO - [run:226] line_cnt:[86]
2021-08-19 05:27:18,044 - root - INFO - [run:226] line_cnt:[86]
2021-08-19 05:27:21,131 - root - INFO - [run:226] line_cnt:[86]
2021-08-19 05:27:24,221 - root - INFO - [run:226] line_cnt:[86]
2021-08-19 05:27:27,295 - root - INFO - [run:226] line_cnt:[86]
2021-08-19 05:27:30,363 - root - INFO - [run:226] line_cnt:[86]
2021-08-19 05:27:33,440 - root - INFO - [run:226] line_cnt:[86]
2021-08-19 05:27:36,517 - root - INFO - [run:226] line_cnt:[86]
2021-08-19 05:27:39,592 - root - INFO - [run:226] line_cnt:[86]
2021-08-19 05:27:42,671 - root - INFO - [run:226] line_cnt:[86]
2021-08-19 05:27:45,743 - root - INFO - [run:226] line_cnt:[86]
2021-08-19 05:27:48,813 - root - INFO - [run:226] line_cnt:[86]
2021-08-19 05:27:51,893 - root - INFO - [run:226] line_cnt:[86]
2021-08-19 05:27:54,964 - root - INFO - [run:226] line_cnt:[86]
2021-08-19 05:27:58,042 - root - INFO - [run:226] line_cnt:[86]
2021-08-19 05:28:01,114 - root - INFO - [run:226] line_cnt:[86]
2021-08-19 05:28:04,228 - root - INFO - [run:226] line_cnt:[86]
2021-08-19 05:28:07,311 - root - INFO - [run:226] line_cnt:[86]
2021-08-19 05:28:10,381 - root - INFO - [run:226] line_cnt:[86]
2021-08-19 05:28:13,456 - root - INFO - [run:226] line_cnt:[86]
2021-08-19 05:28:16,545 - root - INFO - [run:226] line_cnt:[86]
2021-08-19 05:28:19,624 - root - INFO - [run:226] line_cnt:[86]
2021-08-19 05:28:22,699 - root - INFO - [run:226] line_cnt:[86]
2021-08-19 05:28:25,769 - root - INFO - [run:226] line_cnt:[86]
2021-08-19 05:28:28,855 - root - INFO - [run:226] line_cnt:[86]
2021-08-19 05:28:31,926 - root - INFO - [run:226] line_cnt:[86]
2021-08-19 05:28:35,000 - root - INFO - [run:226] line_cnt:[86]
2021-08-19 05:28:38,076 - root - INFO - [run:226] line_cnt:[86]
2021-08-19 05:28:41,148 - root - INFO - [run:226] line_cnt:[86]
2021-08-19 05:28:44,225 - root - INFO - [run:226] line_cnt:[86]
2021-08-19 05:28:47,304 - root - INFO - [run:226] line_cnt:[86]
2021-08-19 05:28:50,373 - root - INFO - [run:226] line_cnt:[86]
2021-08-19 05:28:53,457 - root - INFO - [run:226] line_cnt:[86]
2021-08-19 05:28:56,531 - root - INFO - [run:226] line_cnt:[86]
2021-08-19 05:28:59,604 - root - INFO - [run:226] line_cnt:[86]
2021-08-19 05:29:02,676 - root - INFO - [run:226] line_cnt:[86]
2021-08-19 05:29:05,749 - root - INFO - [run:226] line_cnt:[86]
2021-08-19 05:29:08,830 - root - INFO - [run:226] line_cnt:[86]
2021-08-19 05:29:11,910 - root - INFO - [run:226] line_cnt:[86]
2021-08-19 05:29:14,985 - root - INFO - [run:226] line_cnt:[86]
2021-08-19 05:29:18,060 - root - INFO - [run:226] line_cnt:[86]
2021-08-19 05:29:21,133 - root - INFO - [run:226] line_cnt:[86]
2021-08-19 05:29:24,205 - root - INFO - [run:226] line_cnt:[86]
2021-08-19 05:29:27,309 - root - INFO - [run:226] line_cnt:[86]
2021-08-19 05:29:30,382 - root - INFO - [run:226] line_cnt:[86]
2021-08-19 05:29:33,458 - root - INFO - [run:226] line_cnt:[86]
2021-08-19 05:29:36,523 - root - INFO - [run:226] line_cnt:[86]
2021-08-19 05:29:39,590 - root - INFO - [run:226] line_cnt:[86]
2021-08-19 05:29:42,656 - root - INFO - [run:226] line_cnt:[86]
2021-08-19 05:29:45,738 - root - INFO - [run:226] line_cnt:[86]
2021-08-19 05:29:48,809 - root - INFO - [run:226] line_cnt:[86]
2021-08-19 05:29:51,910 - root - INFO - [run:226] line_cnt:[86]
2021-08-19 05:29:54,979 - root - INFO - [run:226] line_cnt:[86]
2021-08-19 05:29:58,059 - root - INFO - [run:226] line_cnt:[86]
2021-08-19 05:30:00,480 - root - INFO - [query_page:184] self.today = 20210819
2021-08-19 05:30:00,480 - root - INFO - [query_page:185] today = 2021-08-19
2021-08-19 05:30:00,491 - root - INFO - [run:226] line_cnt:[86]
2021-08-19 05:30:03,584 - root - INFO - [run:226] line_cnt:[86]
2021-08-19 05:30:06,696 - root - INFO - [run:226] line_cnt:[86]
2021-08-19 05:30:09,804 - root - INFO - [run:226] line_cnt:[86]
2021-08-19 05:30:12,883 - root - INFO - [run:226] line_cnt:[86]
2021-08-19 05:30:14,649 - root - INFO - [date_change:395] date changed = [20210813]
2021-08-19 05:30:14,650 - root - INFO - [query_page:184] self.today = 20210813
2021-08-19 05:30:14,650 - root - INFO - [query_page:185] today = 2021-08-13
2021-08-19 05:30:15,946 - root - INFO - [run:226] line_cnt:[86]
2021-08-19 05:30:16,554 - root - INFO - [date_change:395] date changed = [20210813]
2021-08-19 05:30:16,555 - root - INFO - [query_page:184] self.today = 20210813
2021-08-19 05:30:16,555 - root - INFO - [query_page:185] today = 2021-08-13
2021-08-19 05:30:19,020 - root - INFO - [run:226] line_cnt:[86]
2021-08-19 05:30:22,098 - root - INFO - [run:226] line_cnt:[86]
2021-08-19 05:30:25,179 - root - INFO - [run:226] line_cnt:[86]
2021-08-19 05:30:28,247 - root - INFO - [run:226] line_cnt:[86]
2021-08-19 05:30:31,325 - root - INFO - [run:226] line_cnt:[86]
2021-08-19 05:30:34,400 - root - INFO - [run:226] line_cnt:[86]
2021-08-19 05:30:37,473 - root - INFO - [run:226] line_cnt:[86]
2021-08-19 05:30:40,547 - root - INFO - [run:226] line_cnt:[86]
2021-08-19 05:30:43,638 - root - INFO - [run:226] line_cnt:[86]
2021-08-19 05:30:46,704 - root - INFO - [run:226] line_cnt:[86]
2021-08-19 05:30:49,770 - root - INFO - [run:226] line_cnt:[86]
2021-08-19 05:30:52,846 - root - INFO - [run:226] line_cnt:[86]
2021-08-19 05:30:55,927 - root - INFO - [run:226] line_cnt:[86]
2021-08-19 05:30:58,996 - root - INFO - [run:226] line_cnt:[86]
2021-08-19 05:31:02,065 - root - INFO - [run:226] line_cnt:[86]
2021-08-19 05:31:05,138 - root - INFO - [run:226] line_cnt:[86]
2021-08-19 05:31:08,203 - root - INFO - [run:226] line_cnt:[86]
2021-08-19 05:31:11,295 - root - INFO - [run:226] line_cnt:[86]
2021-08-19 05:31:14,367 - root - INFO - [run:226] line_cnt:[86]
2021-08-19 05:31:17,440 - root - INFO - [run:226] line_cnt:[86]
2021-08-19 05:31:20,504 - root - INFO - [run:226] line_cnt:[86]
2021-08-19 05:31:21,355 - root - INFO - [query_page:184] self.today = 20210813
2021-08-19 05:31:21,355 - root - INFO - [query_page:185] today = 2021-08-13
2021-08-19 05:31:21,565 - root - INFO - [query_page:184] self.today = 20210813
2021-08-19 05:31:21,565 - root - INFO - [query_page:185] today = 2021-08-13
2021-08-19 05:31:21,737 - root - INFO - [query_page:184] self.today = 20210813
2021-08-19 05:31:21,738 - root - INFO - [query_page:185] today = 2021-08-13
2021-08-19 05:31:21,949 - root - INFO - [query_page:184] self.today = 20210813
2021-08-19 05:31:21,949 - root - INFO - [query_page:185] today = 2021-08-13
2021-08-19 05:31:22,075 - root - INFO - [query_page:184] self.today = 20210813
2021-08-19 05:31:22,075 - root - INFO - [query_page:185] today = 2021-08-13
2021-08-19 05:31:23,599 - root - INFO - [run:226] line_cnt:[86]
2021-08-19 05:31:26,117 - root - INFO - [add_msg:88] rank = 1 = 등원
2021-08-19 05:31:26,117 - root - INFO - [add_msg:103] msg = [{'user': '이수미', 'message': '[2021-08-13 15:05:07] 이수미학생 도착했습니다.\n-READ101-', 'dtm': '2021-08-13 15:05:07'}]
2021-08-19 05:31:26,659 - root - INFO - [run:226] line_cnt:[86]
2021-08-19 05:31:29,730 - root - INFO - [run:226] line_cnt:[86]
2021-08-19 05:31:32,806 - root - INFO - [run:226] line_cnt:[86]
2021-08-19 05:31:32,832 - root - INFO - [log_sending:384] {'user': '이수미', 'message': '[2021-08-13 15:05:07] 이수미학생 도착했습니다.\n-READ101-', 'dtm': '2021-08-13 15:05:07'}
2021-08-19 05:34:14,581 - root - INFO - [query_page:175] self.today = 20210819
2021-08-19 05:34:14,582 - root - INFO - [query_page:176] today = 2021-08-19
2021-08-19 05:34:14,592 - root - INFO - [run:226] line_cnt:[86]
2021-08-19 05:34:17,669 - root - INFO - [run:226] line_cnt:[86]
2021-08-19 05:34:20,820 - root - INFO - [run:226] line_cnt:[86]
2021-08-19 05:34:23,904 - root - INFO - [run:226] line_cnt:[86]
2021-08-19 05:34:26,985 - root - INFO - [run:226] line_cnt:[86]
2021-08-19 05:34:30,050 - root - INFO - [run:226] line_cnt:[86]
2021-08-19 05:34:33,127 - root - INFO - [run:226] line_cnt:[86]
2021-08-19 05:34:36,209 - root - INFO - [run:226] line_cnt:[86]
2021-08-19 05:34:37,519 - root - INFO - [date_change:396] date changed = [20210813]
2021-08-19 05:34:37,521 - root - INFO - [query_page:175] self.today = 20210813
2021-08-19 05:34:37,521 - root - INFO - [query_page:176] today = 2021-08-13
2021-08-19 05:34:39,285 - root - INFO - [run:226] line_cnt:[86]
2021-08-19 05:34:42,358 - root - INFO - [run:226] line_cnt:[86]
2021-08-19 05:34:45,426 - root - INFO - [run:226] line_cnt:[86]
2021-08-19 05:34:48,496 - root - INFO - [run:226] line_cnt:[86]
2021-08-19 05:34:51,572 - root - INFO - [run:226] line_cnt:[86]
2021-08-19 05:34:54,638 - root - INFO - [run:226] line_cnt:[86]
2021-08-19 05:34:56,006 - root - INFO - [date_change:396] date changed = [20210813]
2021-08-19 05:34:56,008 - root - INFO - [query_page:175] self.today = 20210813
2021-08-19 05:34:56,008 - root - INFO - [query_page:176] today = 2021-08-13
2021-08-19 05:34:56,111 - root - INFO - [query_page:175] self.today = 20210813
2021-08-19 05:34:56,111 - root - INFO - [query_page:176] today = 2021-08-13
2021-08-19 05:34:56,854 - root - INFO - [query_page:175] self.today = 20210813
2021-08-19 05:34:56,854 - root - INFO - [query_page:176] today = 2021-08-13
2021-08-19 05:34:57,045 - root - INFO - [query_page:175] self.today = 20210813
2021-08-19 05:34:57,045 - root - INFO - [query_page:176] today = 2021-08-13
2021-08-19 05:34:57,245 - root - INFO - [query_page:175] self.today = 20210813
2021-08-19 05:34:57,245 - root - INFO - [query_page:176] today = 2021-08-13
2021-08-19 05:34:57,447 - root - INFO - [query_page:175] self.today = 20210813
2021-08-19 05:34:57,448 - root - INFO - [query_page:176] today = 2021-08-13
2021-08-19 05:34:57,705 - root - INFO - [run:226] line_cnt:[86]
2021-08-19 05:35:00,776 - root - INFO - [run:226] line_cnt:[86]
2021-08-19 05:35:03,837 - root - INFO - [run:226] line_cnt:[86]
2021-08-19 05:35:06,913 - root - INFO - [run:226] line_cnt:[86]
2021-08-19 05:35:09,977 - root - INFO - [run:226] line_cnt:[86]
2021-08-19 05:35:13,040 - root - INFO - [run:226] line_cnt:[86]
2021-08-19 05:35:16,135 - root - INFO - [run:226] line_cnt:[86]
2021-08-19 05:35:19,210 - root - INFO - [run:226] line_cnt:[86]
2021-08-19 05:35:22,280 - root - INFO - [run:226] line_cnt:[86]
2021-08-19 05:35:25,358 - root - INFO - [run:226] line_cnt:[86]
2021-08-19 05:35:28,426 - root - INFO - [run:226] line_cnt:[86]
2021-08-19 05:35:28,805 - root - INFO - [add_msg:79] rank = 1 = 등원
2021-08-19 05:35:28,805 - root - INFO - [add_msg:94] msg = [{'user': '김민찬Tony', 'message': '[2021-08-13 15:00:10] 김민찬Tony학생 도착했습니다.\n-READ101-', 'dtm': '2021-08-13 15:00:10'}]
2021-08-19 05:35:31,488 - root - INFO - [run:226] line_cnt:[86]
2021-08-19 05:35:34,559 - root - INFO - [run:226] line_cnt:[86]
2021-08-19 05:35:35,108 - root - INFO - [log_sending:385] {'user': '김민찬Tony', 'message': '[2021-08-13 15:00:10] 김민찬Tony학생 도착했습니다.\n-READ101-', 'dtm': '2021-08-13 15:00:10'}
2021-08-19 05:35:35,118 - root - INFO - [query_page:175] self.today = 20210813
2021-08-19 05:35:35,119 - root - INFO - [query_page:176] today = 2021-08-13
2021-08-19 05:35:37,649 - root - INFO - [run:226] line_cnt:[86]
2021-08-19 05:35:40,719 - root - INFO - [run:226] line_cnt:[86]
2021-08-19 05:35:43,790 - root - INFO - [run:226] line_cnt:[86]
2021-08-19 05:35:46,868 - root - INFO - [run:226] line_cnt:[86]
2021-08-19 05:35:49,934 - root - INFO - [run:226] line_cnt:[86]
2021-08-19 05:35:53,000 - root - INFO - [run:226] line_cnt:[86]
2021-08-19 05:35:56,065 - root - INFO - [run:226] line_cnt:[86]
2021-08-19 05:35:59,141 - root - INFO - [run:226] line_cnt:[86]
2021-08-19 05:36:02,212 - root - INFO - [run:226] line_cnt:[86]
2021-08-19 05:36:05,275 - root - INFO - [run:226] line_cnt:[86]
2021-08-19 05:36:08,345 - root - INFO - [run:226] line_cnt:[86]
2021-08-19 05:36:11,420 - root - INFO - [run:226] line_cnt:[86]
2021-08-19 05:36:14,487 - root - INFO - [run:226] line_cnt:[86]
2021-08-19 05:36:17,552 - root - INFO - [run:226] line_cnt:[86]
2021-08-19 05:36:20,630 - root - INFO - [run:226] line_cnt:[86]
2021-08-19 05:36:23,705 - root - INFO - [run:226] line_cnt:[86]
2021-08-19 05:36:26,770 - root - INFO - [run:226] line_cnt:[86]
2021-08-19 05:36:29,845 - root - INFO - [run:226] line_cnt:[86]
2021-08-19 05:36:32,908 - root - INFO - [run:226] line_cnt:[86]
2021-08-19 05:36:35,969 - root - INFO - [run:226] line_cnt:[86]
2021-08-19 05:36:39,041 - root - INFO - [run:226] line_cnt:[86]
2021-08-19 05:36:42,112 - root - INFO - [run:226] line_cnt:[86]
2021-08-19 05:36:45,178 - root - INFO - [run:226] line_cnt:[86]
2021-08-19 05:36:48,269 - root - INFO - [run:226] line_cnt:[86]
2021-08-19 05:36:51,333 - root - INFO - [run:226] line_cnt:[86]
2021-08-19 05:36:54,406 - root - INFO - [run:226] line_cnt:[86]
2021-08-19 05:36:57,467 - root - INFO - [run:226] line_cnt:[86]
2021-08-19 05:37:00,545 - root - INFO - [run:226] line_cnt:[86]
2021-08-19 05:37:03,612 - root - INFO - [run:226] line_cnt:[86]
2021-08-19 05:37:03,912 - root - INFO - [add_msg:79] rank = 1 = 등원
2021-08-19 05:37:03,912 - root - INFO - [add_msg:94] msg = [{'user': '김시온David', 'message': '[2021-08-13 15:18:30] 김시온David학생 도착했습니다.\n-READ101-', 'dtm': '2021-08-13 15:18:30'}]
2021-08-19 05:37:06,686 - root - INFO - [run:226] line_cnt:[86]
2021-08-19 05:37:09,761 - root - INFO - [run:226] line_cnt:[86]
2021-08-19 05:37:10,534 - root - INFO - [log_sending:385] {'user': '김시온David', 'message': '[2021-08-13 15:18:30] 김시온David학생 도착했습니다.\n-READ101-', 'dtm': '2021-08-13 15:18:30'}
2021-08-19 05:37:10,543 - root - INFO - [query_page:175] self.today = 20210813
2021-08-19 05:37:10,543 - root - INFO - [query_page:176] today = 2021-08-13
2021-08-19 05:37:12,869 - root - INFO - [run:226] line_cnt:[86]
2021-08-19 05:37:15,943 - root - INFO - [run:226] line_cnt:[86]
2021-08-19 05:37:19,013 - root - INFO - [run:226] line_cnt:[86]
2021-08-19 05:37:22,092 - root - INFO - [run:226] line_cnt:[86]
2021-08-19 05:37:25,163 - root - INFO - [run:226] line_cnt:[86]
2021-08-19 05:37:28,247 - root - INFO - [run:226] line_cnt:[86]
2021-08-19 05:37:31,314 - root - INFO - [run:226] line_cnt:[86]
2021-08-19 05:37:34,379 - root - INFO - [run:226] line_cnt:[86]
2021-08-19 05:37:37,464 - root - INFO - [run:226] line_cnt:[86]
2021-08-19 05:37:40,529 - root - INFO - [run:226] line_cnt:[86]
2021-08-19 05:37:43,598 - root - INFO - [run:226] line_cnt:[86]
2021-08-19 05:37:46,667 - root - INFO - [run:226] line_cnt:[86]
2021-08-19 05:37:49,742 - root - INFO - [run:226] line_cnt:[86]
2021-08-19 05:37:52,809 - root - INFO - [run:226] line_cnt:[86]
2021-08-19 05:37:55,885 - root - INFO - [run:226] line_cnt:[86]
2021-08-19 05:37:58,957 - root - INFO - [run:226] line_cnt:[86]
2021-08-19 05:38:02,025 - root - INFO - [run:226] line_cnt:[86]
2021-08-19 05:38:05,102 - root - INFO - [run:226] line_cnt:[86]
2021-08-19 05:38:08,175 - root - INFO - [run:226] line_cnt:[86]
2021-08-19 05:38:11,238 - root - INFO - [run:226] line_cnt:[86]
2021-08-19 05:38:14,303 - root - INFO - [run:226] line_cnt:[86]
2021-08-19 05:38:17,379 - root - INFO - [run:226] line_cnt:[86]
2021-08-19 05:38:20,453 - root - INFO - [run:226] line_cnt:[86]
2021-08-19 05:38:23,518 - root - INFO - [run:226] line_cnt:[86]
2021-08-19 05:38:26,585 - root - INFO - [run:226] line_cnt:[86]
2021-08-19 05:38:29,652 - root - INFO - [run:226] line_cnt:[86]
2021-08-19 05:38:32,730 - root - INFO - [run:226] line_cnt:[86]
2021-08-19 05:38:35,803 - root - INFO - [run:226] line_cnt:[86]
2021-08-19 05:38:38,867 - root - INFO - [run:226] line_cnt:[86]
2021-08-19 05:38:41,937 - root - INFO - [run:226] line_cnt:[86]
2021-08-19 05:38:45,004 - root - INFO - [run:226] line_cnt:[86]
2021-08-19 05:38:48,085 - root - INFO - [run:226] line_cnt:[86]
2021-08-19 05:38:51,153 - root - INFO - [run:226] line_cnt:[86]
2021-08-19 05:38:54,218 - root - INFO - [run:226] line_cnt:[86]
2021-08-19 05:38:57,282 - root - INFO - [run:226] line_cnt:[86]
2021-08-19 05:39:00,368 - root - INFO - [run:226] line_cnt:[86]
2021-08-19 05:39:03,438 - root - INFO - [run:226] line_cnt:[86]
2021-08-19 05:39:06,515 - root - INFO - [run:226] line_cnt:[86]
2021-08-19 05:39:09,592 - root - INFO - [run:226] line_cnt:[86]
2021-08-19 05:39:12,664 - root - INFO - [run:226] line_cnt:[86]
2021-08-19 05:39:15,749 - root - INFO - [run:226] line_cnt:[86]
2021-08-19 05:39:18,816 - root - INFO - [run:226] line_cnt:[86]
2021-08-19 05:39:21,885 - root - INFO - [run:226] line_cnt:[86]
2021-08-19 05:39:24,948 - root - INFO - [run:226] line_cnt:[86]
2021-08-19 05:39:28,021 - root - INFO - [run:226] line_cnt:[86]
2021-08-19 05:39:31,087 - root - INFO - [run:226] line_cnt:[86]
2021-08-19 05:39:34,154 - root - INFO - [run:226] line_cnt:[86]
2021-08-19 05:39:37,231 - root - INFO - [run:226] line_cnt:[86]
2021-08-19 05:39:40,295 - root - INFO - [run:226] line_cnt:[86]
2021-08-19 05:39:43,363 - root - INFO - [run:226] line_cnt:[86]
2021-08-19 05:39:46,429 - root - INFO - [run:226] line_cnt:[86]
2021-08-19 05:39:49,500 - root - INFO - [run:226] line_cnt:[86]
2021-08-19 05:39:52,567 - root - INFO - [run:226] line_cnt:[86]
2021-08-19 05:39:55,655 - root - INFO - [run:226] line_cnt:[86]
2021-08-19 05:39:58,728 - root - INFO - [run:226] line_cnt:[86]
2021-08-19 05:40:01,792 - root - INFO - [run:226] line_cnt:[86]
2021-08-19 05:40:04,856 - root - INFO - [run:226] line_cnt:[86]
2021-08-19 05:40:07,939 - root - INFO - [run:226] line_cnt:[86]
2021-08-19 05:40:11,006 - root - INFO - [run:226] line_cnt:[86]
2021-08-19 05:40:14,073 - root - INFO - [run:226] line_cnt:[86]
2021-08-19 05:40:17,142 - root - INFO - [run:226] line_cnt:[86]
2021-08-19 05:40:20,216 - root - INFO - [run:226] line_cnt:[86]
2021-08-19 05:40:23,287 - root - INFO - [run:226] line_cnt:[86]
2021-08-19 05:40:26,359 - root - INFO - [run:226] line_cnt:[86]
2021-08-19 05:40:29,428 - root - INFO - [run:226] line_cnt:[86]
2021-08-19 05:40:32,499 - root - INFO - [run:226] line_cnt:[86]
2021-08-19 05:40:35,565 - root - INFO - [run:226] line_cnt:[86]
2021-08-19 05:40:38,636 - root - INFO - [run:226] line_cnt:[86]
2021-08-19 05:40:41,702 - root - INFO - [run:226] line_cnt:[86]
2021-08-19 05:40:44,776 - root - INFO - [run:226] line_cnt:[86]
2021-08-19 05:40:47,851 - root - INFO - [run:226] line_cnt:[86]
2021-08-19 05:40:50,940 - root - INFO - [run:226] line_cnt:[86]
2021-08-19 05:40:54,008 - root - INFO - [run:226] line_cnt:[86]
2021-08-19 05:40:57,076 - root - INFO - [run:226] line_cnt:[86]
2021-08-19 05:41:00,144 - root - INFO - [run:226] line_cnt:[86]
2021-08-19 05:41:03,216 - root - INFO - [run:226] line_cnt:[86]
2021-08-19 05:41:06,293 - root - INFO - [run:226] line_cnt:[86]
2021-08-19 05:41:09,359 - root - INFO - [run:226] line_cnt:[86]
2021-08-19 05:41:12,426 - root - INFO - [run:226] line_cnt:[86]
2021-08-19 05:41:15,494 - root - INFO - [run:226] line_cnt:[86]
2021-08-19 05:41:18,565 - root - INFO - [run:226] line_cnt:[86]
2021-08-19 05:41:21,644 - root - INFO - [run:226] line_cnt:[86]
2021-08-19 05:41:24,711 - root - INFO - [run:226] line_cnt:[86]
2021-08-19 05:41:27,776 - root - INFO - [run:226] line_cnt:[86]
2021-08-19 05:41:30,839 - root - INFO - [run:226] line_cnt:[86]
2021-08-19 05:41:33,971 - root - INFO - [run:226] line_cnt:[86]
2021-08-19 05:41:37,042 - root - INFO - [run:226] line_cnt:[86]
2021-08-19 05:41:40,110 - root - INFO - [run:226] line_cnt:[86]
2021-08-19 05:41:43,173 - root - INFO - [run:226] line_cnt:[86]
2021-08-19 05:41:46,241 - root - INFO - [run:226] line_cnt:[86]
2021-08-19 05:41:49,311 - root - INFO - [run:226] line_cnt:[86]
2021-08-19 05:41:52,374 - root - INFO - [run:226] line_cnt:[86]
2021-08-19 05:41:55,447 - root - INFO - [run:226] line_cnt:[86]
2021-08-19 05:41:58,519 - root - INFO - [run:226] line_cnt:[86]
2021-08-19 05:42:01,623 - root - INFO - [run:226] line_cnt:[86]
2021-08-19 05:42:04,700 - root - INFO - [run:226] line_cnt:[86]
2021-08-19 05:42:07,763 - root - INFO - [run:226] line_cnt:[86]
2021-08-19 05:42:10,824 - root - INFO - [run:226] line_cnt:[86]
2021-08-19 05:42:13,885 - root - INFO - [run:226] line_cnt:[86]
2021-08-19 05:42:16,951 - root - INFO - [run:226] line_cnt:[86]
2021-08-19 05:42:20,021 - root - INFO - [run:226] line_cnt:[86]
2021-08-19 05:42:23,094 - root - INFO - [run:226] line_cnt:[86]
2021-08-19 05:42:26,161 - root - INFO - [run:226] line_cnt:[86]
2021-08-19 05:42:29,234 - root - INFO - [run:226] line_cnt:[86]
2021-08-19 05:42:32,307 - root - INFO - [run:226] line_cnt:[86]
2021-08-19 05:42:35,379 - root - INFO - [run:226] line_cnt:[86]
2021-08-19 05:42:38,439 - root - INFO - [run:226] line_cnt:[86]
2021-08-19 05:42:41,509 - root - INFO - [run:226] line_cnt:[86]
2021-08-19 05:42:44,571 - root - INFO - [run:226] line_cnt:[86]
2021-08-19 05:42:47,645 - root - INFO - [run:226] line_cnt:[86]
2021-08-19 05:42:50,721 - root - INFO - [run:226] line_cnt:[86]
2021-08-19 05:42:53,792 - root - INFO - [run:226] line_cnt:[86]
2021-08-19 05:42:56,891 - root - INFO - [run:226] line_cnt:[86]
2021-08-19 05:42:59,955 - root - INFO - [run:226] line_cnt:[86]
2021-08-19 05:43:03,025 - root - INFO - [run:226] line_cnt:[86]
2021-08-19 05:43:06,099 - root - INFO - [run:226] line_cnt:[86]
2021-08-19 05:43:09,164 - root - INFO - [run:226] line_cnt:[86]
2021-08-19 05:43:12,236 - root - INFO - [run:226] line_cnt:[86]
2021-08-19 05:43:15,304 - root - INFO - [run:226] line_cnt:[86]
2021-08-19 05:43:18,385 - root - INFO - [run:226] line_cnt:[86]
2021-08-19 05:43:21,461 - root - INFO - [run:226] line_cnt:[86]
2021-08-19 05:43:24,539 - root - INFO - [run:226] line_cnt:[86]
2021-08-19 05:43:27,608 - root - INFO - [run:226] line_cnt:[86]
2021-08-19 05:43:30,686 - root - INFO - [run:226] line_cnt:[86]
2021-08-19 05:43:33,757 - root - INFO - [run:226] line_cnt:[86]
2021-08-19 05:43:36,825 - root - INFO - [run:226] line_cnt:[86]
2021-08-19 05:43:39,890 - root - INFO - [run:226] line_cnt:[86]
2021-08-19 05:43:42,964 - root - INFO - [run:226] line_cnt:[86]
2021-08-19 05:43:46,042 - root - INFO - [run:226] line_cnt:[86]
2021-08-19 05:43:49,114 - root - INFO - [run:226] line_cnt:[86]
2021-08-19 05:43:52,185 - root - INFO - [run:226] line_cnt:[86]
2021-08-19 05:43:55,248 - root - INFO - [run:226] line_cnt:[86]
2021-08-19 05:43:58,317 - root - INFO - [run:226] line_cnt:[86]
2021-08-19 05:44:01,377 - root - INFO - [run:226] line_cnt:[86]
2021-08-19 05:44:04,440 - root - INFO - [run:226] line_cnt:[86]
2021-08-19 05:44:07,509 - root - INFO - [run:226] line_cnt:[86]
2021-08-19 05:44:10,581 - root - INFO - [run:226] line_cnt:[86]
2021-08-19 05:44:13,649 - root - INFO - [run:226] line_cnt:[86]
2021-08-19 05:44:16,726 - root - INFO - [run:226] line_cnt:[86]
2021-08-19 05:44:19,803 - root - INFO - [run:226] line_cnt:[86]
2021-08-19 05:44:22,872 - root - INFO - [run:226] line_cnt:[86]
2021-08-19 05:44:25,937 - root - INFO - [run:226] line_cnt:[86]
2021-08-19 05:44:29,012 - root - INFO - [run:226] line_cnt:[86]
2021-08-19 05:44:32,079 - root - INFO - [run:226] line_cnt:[86]
2021-08-19 05:44:35,151 - root - INFO - [run:226] line_cnt:[86]
2021-08-19 05:44:38,224 - root - INFO - [run:226] line_cnt:[86]
2021-08-19 05:44:41,296 - root - INFO - [run:226] line_cnt:[86]
2021-08-19 05:44:44,369 - root - INFO - [run:226] line_cnt:[86]
2021-08-19 05:44:47,455 - root - INFO - [run:226] line_cnt:[86]
2021-08-19 05:44:50,530 - root - INFO - [run:226] line_cnt:[86]
2021-08-19 05:44:53,593 - root - INFO - [run:226] line_cnt:[86]
2021-08-19 05:44:56,664 - root - INFO - [run:226] line_cnt:[86]
2021-08-19 05:44:59,728 - root - INFO - [run:226] line_cnt:[86]
2021-08-19 05:45:02,799 - root - INFO - [run:226] line_cnt:[86]
2021-08-19 05:45:05,864 - root - INFO - [run:226] line_cnt:[86]
2021-08-19 05:45:08,930 - root - INFO - [run:226] line_cnt:[86]
2021-08-19 05:45:11,998 - root - INFO - [run:226] line_cnt:[86]
2021-08-19 05:45:15,073 - root - INFO - [run:226] line_cnt:[86]
2021-08-19 05:45:18,139 - root - INFO - [run:226] line_cnt:[86]
2021-08-19 05:45:21,219 - root - INFO - [run:226] line_cnt:[86]
2021-08-19 05:45:24,294 - root - INFO - [run:226] line_cnt:[86]
2021-08-19 05:45:27,363 - root - INFO - [run:226] line_cnt:[86]
2021-08-19 05:45:30,436 - root - INFO - [run:226] line_cnt:[86]
2021-08-19 05:45:33,496 - root - INFO - [run:226] line_cnt:[86]
2021-08-19 05:45:36,569 - root - INFO - [run:226] line_cnt:[86]
2021-08-19 05:45:39,642 - root - INFO - [run:226] line_cnt:[86]
2021-08-19 05:45:42,726 - root - INFO - [run:226] line_cnt:[86]
2021-08-19 05:45:45,788 - root - INFO - [run:226] line_cnt:[86]
2021-08-19 05:45:48,851 - root - INFO - [run:226] line_cnt:[86]
2021-08-19 05:45:51,928 - root - INFO - [run:226] line_cnt:[86]
2021-08-19 05:45:55,001 - root - INFO - [run:226] line_cnt:[86]
2021-08-19 05:45:58,067 - root - INFO - [run:226] line_cnt:[86]
2021-08-19 05:46:01,137 - root - INFO - [run:226] line_cnt:[86]
2021-08-19 05:46:04,201 - root - INFO - [run:226] line_cnt:[86]
2021-08-19 05:46:07,269 - root - INFO - [run:226] line_cnt:[86]
2021-08-19 05:46:10,344 - root - INFO - [run:226] line_cnt:[86]
2021-08-19 05:46:13,413 - root - INFO - [run:226] line_cnt:[86]
2021-08-19 05:46:16,477 - root - INFO - [run:226] line_cnt:[86]
2021-08-19 05:46:19,547 - root - INFO - [run:226] line_cnt:[86]
2021-08-19 05:46:22,624 - root - INFO - [run:226] line_cnt:[86]
2021-08-19 05:46:25,699 - root - INFO - [run:226] line_cnt:[86]
2021-08-19 05:46:28,774 - root - INFO - [run:226] line_cnt:[86]
2021-08-19 05:46:31,848 - root - INFO - [run:226] line_cnt:[86]
2021-08-19 05:46:34,928 - root - INFO - [run:226] line_cnt:[86]
2021-08-19 05:46:37,994 - root - INFO - [run:226] line_cnt:[86]
2021-08-19 05:46:41,071 - root - INFO - [run:226] line_cnt:[86]
2021-08-19 05:46:44,133 - root - INFO - [run:226] line_cnt:[86]
2021-08-19 05:46:47,204 - root - INFO - [run:226] line_cnt:[86]
2021-08-19 05:46:50,286 - root - INFO - [run:226] line_cnt:[86]
2021-08-19 05:46:53,357 - root - INFO - [run:226] line_cnt:[86]
2021-08-19 05:46:56,431 - root - INFO - [run:226] line_cnt:[86]
2021-08-19 05:46:59,497 - root - INFO - [run:226] line_cnt:[86]
2021-08-19 05:47:02,574 - root - INFO - [run:226] line_cnt:[86]
2021-08-19 05:47:05,639 - root - INFO - [run:226] line_cnt:[86]
2021-08-19 05:47:08,715 - root - INFO - [run:226] line_cnt:[86]
2021-08-19 05:47:11,779 - root - INFO - [run:226] line_cnt:[86]
2021-08-19 05:47:14,856 - root - INFO - [run:226] line_cnt:[86]
2021-08-19 05:47:17,941 - root - INFO - [run:226] line_cnt:[86]
2021-08-19 05:47:21,021 - root - INFO - [run:226] line_cnt:[86]
2021-08-19 05:47:24,096 - root - INFO - [run:226] line_cnt:[86]
2021-08-19 05:47:27,170 - root - INFO - [run:226] line_cnt:[86]
2021-08-19 05:47:30,249 - root - INFO - [run:226] line_cnt:[86]
2021-08-19 05:47:33,320 - root - INFO - [run:226] line_cnt:[86]
2021-08-19 05:47:35,941 - root - INFO - [query_page:175] self.today = 20210813
2021-08-19 05:47:35,941 - root - INFO - [query_page:176] today = 2021-08-13
2021-08-19 05:47:36,396 - root - INFO - [run:226] line_cnt:[86]
2021-08-19 05:47:39,471 - root - INFO - [run:226] line_cnt:[86]
2021-08-19 05:47:40,476 - root - INFO - [query_page:175] self.today = 20210813
2021-08-19 05:47:40,476 - root - INFO - [query_page:176] today = 2021-08-13
2021-08-19 05:47:42,535 - root - INFO - [run:226] line_cnt:[86]
2021-08-19 05:47:44,080 - root - INFO - [add_msg:79] rank = 1 = 등원
2021-08-19 05:47:44,081 - root - INFO - [add_msg:94] msg = [{'user': 'yuna', 'message': '[2021-08-13 16:18:17] yuna학생 도착했습니다.\n-READ101-', 'dtm': '2021-08-13 16:18:17'}]
2021-08-19 05:47:45,604 - root - INFO - [run:226] line_cnt:[86]
2021-08-19 05:47:48,676 - root - INFO - [run:226] line_cnt:[86]
2021-08-19 05:47:50,752 - root - INFO - [log_sending:385] {'user': 'yuna', 'message': '[2021-08-13 16:18:17] yuna학생 도착했습니다.\n-READ101-', 'dtm': '2021-08-13 16:18:17'}
2021-08-19 05:47:50,760 - root - INFO - [query_page:175] self.today = 20210813
2021-08-19 05:47:50,760 - root - INFO - [query_page:176] today = 2021-08-13
2021-08-19 05:47:51,743 - root - INFO - [run:226] line_cnt:[86]
2021-08-19 05:47:54,819 - root - INFO - [run:226] line_cnt:[86]
2021-08-19 05:47:57,886 - root - INFO - [run:226] line_cnt:[86]
2021-08-19 05:48:00,950 - root - INFO - [run:226] line_cnt:[86]
2021-08-19 05:48:04,016 - root - INFO - [run:226] line_cnt:[86]
2021-08-19 05:48:07,087 - root - INFO - [run:226] line_cnt:[86]
2021-08-19 05:48:10,157 - root - INFO - [run:226] line_cnt:[86]
2021-08-19 05:48:13,219 - root - INFO - [run:226] line_cnt:[86]
2021-08-19 05:48:16,295 - root - INFO - [run:226] line_cnt:[86]
2021-08-19 05:48:19,356 - root - INFO - [run:226] line_cnt:[86]
2021-08-19 05:48:22,423 - root - INFO - [run:226] line_cnt:[86]
2021-08-19 05:48:25,495 - root - INFO - [run:226] line_cnt:[86]
2021-08-19 05:48:28,565 - root - INFO - [run:226] line_cnt:[86]
2021-08-19 05:48:31,631 - root - INFO - [run:226] line_cnt:[86]
2021-08-19 05:48:34,700 - root - INFO - [run:226] line_cnt:[86]
2021-08-19 05:48:37,773 - root - INFO - [run:226] line_cnt:[86]
2021-08-19 05:48:40,837 - root - INFO - [run:226] line_cnt:[86]
2021-08-19 05:48:43,900 - root - INFO - [run:226] line_cnt:[86]
2021-08-19 05:48:46,968 - root - INFO - [run:226] line_cnt:[86]
2021-08-19 05:48:50,033 - root - INFO - [run:226] line_cnt:[86]
2021-08-19 05:48:53,101 - root - INFO - [run:226] line_cnt:[86]
2021-08-19 05:48:56,171 - root - INFO - [run:226] line_cnt:[86]
2021-08-19 05:48:59,240 - root - INFO - [run:226] line_cnt:[86]
2021-08-19 05:49:02,300 - root - INFO - [run:226] line_cnt:[86]
2021-08-19 05:49:05,384 - root - INFO - [run:226] line_cnt:[86]
2021-08-19 05:49:08,458 - root - INFO - [run:226] line_cnt:[86]
2021-08-19 05:49:11,530 - root - INFO - [run:226] line_cnt:[86]
2021-08-19 05:49:14,609 - root - INFO - [run:226] line_cnt:[86]
2021-08-19 05:49:17,675 - root - INFO - [run:226] line_cnt:[86]
2021-08-19 05:49:20,750 - root - INFO - [run:226] line_cnt:[86]
2021-08-19 05:49:23,813 - root - INFO - [run:226] line_cnt:[86]
2021-08-19 05:49:26,883 - root - INFO - [run:226] line_cnt:[86]
2021-08-19 05:49:29,954 - root - INFO - [run:226] line_cnt:[86]
2021-08-19 05:49:33,032 - root - INFO - [run:226] line_cnt:[86]
2021-08-19 05:49:36,102 - root - INFO - [run:226] line_cnt:[86]
2021-08-19 05:49:39,170 - root - INFO - [run:226] line_cnt:[86]
2021-08-19 05:49:42,247 - root - INFO - [run:226] line_cnt:[86]
2021-08-19 05:49:45,317 - root - INFO - [run:226] line_cnt:[86]
2021-08-19 05:49:48,378 - root - INFO - [run:226] line_cnt:[86]
2021-08-19 05:49:51,446 - root - INFO - [run:226] line_cnt:[86]
2021-08-19 05:49:54,514 - root - INFO - [run:226] line_cnt:[86]
2021-08-19 05:49:57,589 - root - INFO - [run:226] line_cnt:[86]
2021-08-19 05:50:00,662 - root - INFO - [run:226] line_cnt:[86]
2021-08-19 05:50:03,729 - root - INFO - [run:226] line_cnt:[86]
2021-08-19 05:50:06,796 - root - INFO - [run:226] line_cnt:[86]
2021-08-19 05:50:09,871 - root - INFO - [run:226] line_cnt:[86]
2021-08-19 05:50:12,939 - root - INFO - [run:226] line_cnt:[86]
2021-08-19 05:50:16,012 - root - INFO - [run:226] line_cnt:[86]
2021-08-19 05:50:19,079 - root - INFO - [run:226] line_cnt:[86]
2021-08-19 05:50:22,152 - root - INFO - [run:226] line_cnt:[86]
2021-08-19 05:50:25,218 - root - INFO - [run:226] line_cnt:[86]
2021-08-19 05:50:28,297 - root - INFO - [run:226] line_cnt:[86]
2021-08-19 05:50:31,370 - root - INFO - [run:226] line_cnt:[86]
2021-08-19 05:50:34,448 - root - INFO - [run:226] line_cnt:[86]
2021-08-19 05:50:37,519 - root - INFO - [run:226] line_cnt:[86]
2021-08-19 05:50:40,584 - root - INFO - [run:226] line_cnt:[86]
2021-08-19 05:50:43,654 - root - INFO - [run:226] line_cnt:[86]
2021-08-19 05:50:46,727 - root - INFO - [run:226] line_cnt:[86]
2021-08-19 05:50:49,792 - root - INFO - [run:226] line_cnt:[86]
2021-08-19 05:50:52,858 - root - INFO - [run:226] line_cnt:[86]
2021-08-19 05:50:55,943 - root - INFO - [run:226] line_cnt:[86]
2021-08-19 05:50:59,011 - root - INFO - [run:226] line_cnt:[86]
2021-08-19 05:51:02,081 - root - INFO - [run:226] line_cnt:[86]
2021-08-19 05:51:05,142 - root - INFO - [run:226] line_cnt:[86]
2021-08-19 05:51:08,216 - root - INFO - [run:226] line_cnt:[86]
2021-08-19 05:51:11,284 - root - INFO - [run:226] line_cnt:[86]
2021-08-19 05:51:14,348 - root - INFO - [run:226] line_cnt:[86]
2021-08-19 05:51:17,406 - root - INFO - [run:226] line_cnt:[86]
2021-08-19 05:51:20,474 - root - INFO - [run:226] line_cnt:[86]
2021-08-19 05:51:23,542 - root - INFO - [run:226] line_cnt:[86]
2021-08-19 05:51:26,603 - root - INFO - [run:226] line_cnt:[86]
2021-08-19 05:51:29,676 - root - INFO - [run:226] line_cnt:[86]
2021-08-19 05:51:32,747 - root - INFO - [run:226] line_cnt:[86]
2021-08-19 05:51:35,824 - root - INFO - [run:226] line_cnt:[86]
2021-08-19 05:51:38,888 - root - INFO - [run:226] line_cnt:[86]
2021-08-19 05:51:41,953 - root - INFO - [run:226] line_cnt:[86]
2021-08-19 05:51:45,020 - root - INFO - [run:226] line_cnt:[86]
2021-08-19 05:51:48,086 - root - INFO - [run:226] line_cnt:[86]
2021-08-19 05:51:51,171 - root - INFO - [run:226] line_cnt:[86]
2021-08-19 05:51:54,243 - root - INFO - [run:226] line_cnt:[86]
2021-08-19 05:51:57,311 - root - INFO - [run:226] line_cnt:[86]
2021-08-19 05:52:00,374 - root - INFO - [run:226] line_cnt:[86]
2021-08-19 05:52:03,441 - root - INFO - [run:226] line_cnt:[86]
2021-08-19 05:52:06,523 - root - INFO - [run:226] line_cnt:[86]
2021-08-19 05:52:09,593 - root - INFO - [run:226] line_cnt:[86]
2021-08-19 05:52:12,664 - root - INFO - [run:226] line_cnt:[86]
2021-08-19 05:52:15,730 - root - INFO - [run:226] line_cnt:[86]
2021-08-19 05:52:18,796 - root - INFO - [run:226] line_cnt:[86]
2021-08-19 05:52:21,871 - root - INFO - [run:226] line_cnt:[86]
2021-08-19 05:52:24,942 - root - INFO - [run:226] line_cnt:[86]
2021-08-19 05:52:28,011 - root - INFO - [run:226] line_cnt:[86]
2021-08-19 05:52:31,076 - root - INFO - [run:226] line_cnt:[86]
2021-08-19 05:52:34,178 - root - INFO - [run:226] line_cnt:[86]
2021-08-19 05:52:37,268 - root - INFO - [run:226] line_cnt:[86]
2021-08-19 05:52:40,344 - root - INFO - [run:226] line_cnt:[86]
